<?xml version="1.0" encoding="UTF-8"?>
<!-- Generated by org.testng.reporters.JUnitReportReporter -->
<testsuite skipped="0" hostname="Raghu" name="com.citi.HybridFramewordkProject.testCases.TC_AddCustomerTest_003" tests="1" failures="0" timestamp="24 Oct 2022 08:59:54 GMT" time="23.887" errors="0">
  <testcase name="addNewCustomer" time="23.887" classname="com.citi.HybridFramewordkProject.testCases.TC_AddCustomerTest_003"/>
</testsuite> <!-- com.citi.HybridFramewordkProject.testCases.TC_AddCustomerTest_003 -->
