<?xml version="1.0" encoding="UTF-8"?>
<!-- Generated by org.testng.reporters.JUnitReportReporter -->
<testsuite skipped="0" hostname="Raghu" name="com.citi.HybridFramewordkProject.testCases.TC_AddCustomerTest_003" tests="1" failures="0" timestamp="24 Oct 2022 17:22:18 GMT" time="24.264" errors="0">
  <testcase name="addNewCustomer" time="24.264" classname="com.citi.HybridFramewordkProject.testCases.TC_AddCustomerTest_003"/>
</testsuite> <!-- com.citi.HybridFramewordkProject.testCases.TC_AddCustomerTest_003 -->
